c:\users\it05\desktop\imageprocessing-ver.04_24\imageprocessing\debug\imageprocessing.pch
c:\users\it05\desktop\imageprocessing-ver.04_24\imageprocessing\debug\vc140.pdb
c:\users\it05\desktop\imageprocessing-ver.04_24\imageprocessing\debug\vc140.idb
c:\users\it05\desktop\imageprocessing-ver.04_24\imageprocessing\debug\stdafx.obj
c:\users\it05\desktop\imageprocessing-ver.04_24\imageprocessing\debug\childfrm.obj
c:\users\it05\desktop\imageprocessing-ver.04_24\imageprocessing\debug\classview.obj
c:\users\it05\desktop\imageprocessing-ver.04_24\imageprocessing\debug\constantdlg.obj
c:\users\it05\desktop\imageprocessing-ver.04_24\imageprocessing\debug\dialogip.obj
c:\users\it05\desktop\imageprocessing-ver.04_24\imageprocessing\debug\diaolghist.obj
c:\users\it05\desktop\imageprocessing-ver.04_24\imageprocessing\debug\diologzoomr.obj
c:\users\it05\desktop\imageprocessing-ver.04_24\imageprocessing\debug\fileview.obj
c:\users\it05\desktop\imageprocessing-ver.04_24\imageprocessing\debug\imageprocessing.obj
c:\users\it05\desktop\imageprocessing-ver.04_24\imageprocessing\debug\imageprocessingdoc.obj
c:\users\it05\desktop\imageprocessing-ver.04_24\imageprocessing\debug\imageprocessingview.obj
c:\users\it05\desktop\imageprocessing-ver.04_24\imageprocessing\debug\mainfrm.obj
c:\users\it05\desktop\imageprocessing-ver.04_24\imageprocessing\debug\outputwnd.obj
c:\users\it05\desktop\imageprocessing-ver.04_24\imageprocessing\debug\propertieswnd.obj
c:\users\it05\desktop\imageprocessing-ver.04_24\imageprocessing\debug\viewtree.obj
c:\users\it05\desktop\imageprocessing-ver.04_24\imageprocessing\debug\imageprocessing.ilk
c:\users\it05\desktop\imageprocessing-ver.04_24\imageprocessing\debug\imageprocessing.exe
c:\users\it05\desktop\imageprocessing-ver.04_24\imageprocessing\debug\imageprocessing.pdb
c:\users\it05\desktop\imageprocessing-ver.04_24\imageprocessing\debug\imageprocessing.res
c:\users\it05\desktop\imageprocessing-ver.04_24\imageprocessing\debug\imageprocessingdoc.obj.enc
c:\users\it05\desktop\imageprocessing-ver.04_24\imageprocessing\debug\imageprocessing.tlog\cl.command.1.tlog
c:\users\it05\desktop\imageprocessing-ver.04_24\imageprocessing\debug\imageprocessing.tlog\cl.read.1.tlog
c:\users\it05\desktop\imageprocessing-ver.04_24\imageprocessing\debug\imageprocessing.tlog\cl.write.1.tlog
c:\users\it05\desktop\imageprocessing-ver.04_24\imageprocessing\debug\imageprocessing.tlog\link.command.1.tlog
c:\users\it05\desktop\imageprocessing-ver.04_24\imageprocessing\debug\imageprocessing.tlog\link.read.1.tlog
c:\users\it05\desktop\imageprocessing-ver.04_24\imageprocessing\debug\imageprocessing.tlog\link.write.1.tlog
c:\users\it05\desktop\imageprocessing-ver.04_24\imageprocessing\debug\imageprocessing.tlog\rc.command.1.tlog
c:\users\it05\desktop\imageprocessing-ver.04_24\imageprocessing\debug\imageprocessing.tlog\rc.read.1.tlog
c:\users\it05\desktop\imageprocessing-ver.04_24\imageprocessing\debug\imageprocessing.tlog\rc.write.1.tlog
